The target system is: PICO -  - cortex-m0plus
The host system is: Darwin - 23.3.0 - arm64
Compiling the C compiler identification source file "CMakeCCompilerId.c" succeeded.
Compiler: /Applications/ArmGNUToolchain/13.2.Rel1/arm-none-eabi/bin/arm-none-eabi-gcc 
Build flags: ;-mcpu=cortex-m0plus;-mthumb
Id flags: -c 

The output was:
0


Compilation of the C compiler identification source "CMakeCCompilerId.c" produced "CMakeCCompilerId.o"

The C compiler identification is GNU, found in "/Users/wdeutsch/Source/PicoSDK_RGBTreeSample/build/CMakeFiles/3.24.4/CompilerIdC/CMakeCCompilerId.o"

Compiling the CXX compiler identification source file "CMakeCXXCompilerId.cpp" succeeded.
Compiler: /Applications/ArmGNUToolchain/13.2.Rel1/arm-none-eabi/bin/arm-none-eabi-g++ 
Build flags: ;-mcpu=cortex-m0plus;-mthumb
Id flags: -c 

The output was:
0


Compilation of the CXX compiler identification source "CMakeCXXCompilerId.cpp" produced "CMakeCXXCompilerId.o"

The CXX compiler identification is GNU, found in "/Users/wdeutsch/Source/PicoSDK_RGBTreeSample/build/CMakeFiles/3.24.4/CompilerIdCXX/CMakeCXXCompilerId.o"

Checking whether the ASM compiler is GNU using "--version" matched "(GNU assembler)|(GCC)|(Free Software Foundation)":
arm-none-eabi-gcc (Arm GNU Toolchain 13.2.rel1 (Build arm-13.7)) 13.2.1 20231009
Copyright (C) 2023 Free Software Foundation, Inc.
This is free software; see the source for copying conditions.  There is NO
warranty; not even for MERCHANTABILITY or FITNESS FOR A PARTICULAR PURPOSE.

Detecting C compiler ABI info compiled with the following output:
Change Dir: /Users/wdeutsch/Source/PicoSDK_RGBTreeSample/build/CMakeFiles/CMakeTmp

Run Build Command(s):/opt/local/bin/ninja cmTC_5bd03 && [1/2] Building C object CMakeFiles/cmTC_5bd03.dir/CMakeCCompilerABI.c.obj
Using built-in specs.
COLLECT_GCC=/Applications/ArmGNUToolchain/13.2.Rel1/arm-none-eabi/bin/arm-none-eabi-gcc
Target: arm-none-eabi
Configured with: /Volumes/data/jenkins/workspace/GNU-toolchain/arm-13/src/gcc/configure --target=arm-none-eabi --prefix=/Volumes/data/jenkins/workspace/GNU-toolchain/arm-13/build-arm-none-eabi/install --with-gmp=/Volumes/data/jenkins/workspace/GNU-toolchain/arm-13/build-arm-none-eabi/host-tools --with-mpfr=/Volumes/data/jenkins/workspace/GNU-toolchain/arm-13/build-arm-none-eabi/host-tools --with-mpc=/Volumes/data/jenkins/workspace/GNU-toolchain/arm-13/build-arm-none-eabi/host-tools --with-isl=/Volumes/data/jenkins/workspace/GNU-toolchain/arm-13/build-arm-none-eabi/host-tools --disable-shared --disable-nls --disable-threads --disable-tls --enable-checking=release --enable-languages=c,c++,fortran --with-newlib --with-gnu-as --with-headers=yes --with-gnu-ld --with-native-system-header-dir=/include --with-sysroot=/Volumes/data/jenkins/workspace/GNU-toolchain/arm-13/build-arm-none-eabi/install/arm-none-eabi --with-multilib-list=aprofile,rmprofile --with-pkgversion='Arm GNU Toolchain 13.2.rel1 (Build arm-13.7)' --with-bugurl=https://bugs.linaro.org/
Thread model: single
Supported LTO compression algorithms: zlib
gcc version 13.2.1 20231009 (Arm GNU Toolchain 13.2.rel1 (Build arm-13.7)) 
COLLECT_GCC_OPTIONS='-mcpu=cortex-m0plus' '-mthumb' '-v' '-std=gnu11' '-o' 'CMakeFiles/cmTC_5bd03.dir/CMakeCCompilerABI.c.obj' '-c' '-mfloat-abi=soft' '-mlibarch=armv6s-m' '-march=armv6s-m' '-dumpdir' 'CMakeFiles/cmTC_5bd03.dir/'
 /Applications/ArmGNUToolchain/13.2.Rel1/arm-none-eabi/bin/../libexec/gcc/arm-none-eabi/13.2.1/cc1 -quiet -v -imultilib thumb/v6-m/nofp -iprefix /Applications/ArmGNUToolchain/13.2.Rel1/arm-none-eabi/bin/../lib/gcc/arm-none-eabi/13.2.1/ -isysroot /Applications/ArmGNUToolchain/13.2.Rel1/arm-none-eabi/bin/../arm-none-eabi -D__USES_INITFINI__ /opt/local/share/cmake-3.24/Modules/CMakeCCompilerABI.c -quiet -dumpdir CMakeFiles/cmTC_5bd03.dir/ -dumpbase CMakeCCompilerABI.c.c -dumpbase-ext .c -mcpu=cortex-m0plus -mthumb -mfloat-abi=soft -mlibarch=armv6s-m -march=armv6s-m -std=gnu11 -version -o /var/folders/_b/lfrg63r50tn6k8q8c2y1frjr0000gn/T//ccyvyR70.s
GNU C11 (Arm GNU Toolchain 13.2.rel1 (Build arm-13.7)) version 13.2.1 20231009 (arm-none-eabi)
	compiled by GNU C version Apple LLVM 13.0.0 (clang-1300.0.29.30), GMP version 6.2.1, MPFR version 3.1.6, MPC version 1.0.3, isl version isl-0.15-1-g835ea3a-GMP

GGC heuristics: --param ggc-min-expand=100 --param ggc-min-heapsize=131072
ignoring duplicate directory "/Applications/ArmGNUToolchain/13.2.Rel1/arm-none-eabi/bin/../lib/gcc/../../lib/gcc/arm-none-eabi/13.2.1/include"
ignoring nonexistent directory "/Applications/ArmGNUToolchain/13.2.Rel1/arm-none-eabi/bin/../arm-none-eabi/usr/local/include"
ignoring duplicate directory "/Applications/ArmGNUToolchain/13.2.Rel1/arm-none-eabi/bin/../lib/gcc/../../lib/gcc/arm-none-eabi/13.2.1/include-fixed"
ignoring duplicate directory "/Applications/ArmGNUToolchain/13.2.Rel1/arm-none-eabi/bin/../lib/gcc/../../lib/gcc/arm-none-eabi/13.2.1/../../../../arm-none-eabi/include"
ignoring duplicate directory "/Applications/ArmGNUToolchain/13.2.Rel1/arm-none-eabi/bin/../arm-none-eabi/include"
#include "..." search starts here:
#include <...> search starts here:
 /Applications/ArmGNUToolchain/13.2.Rel1/arm-none-eabi/bin/../lib/gcc/arm-none-eabi/13.2.1/include
 /Applications/ArmGNUToolchain/13.2.Rel1/arm-none-eabi/bin/../lib/gcc/arm-none-eabi/13.2.1/include-fixed
 /Applications/ArmGNUToolchain/13.2.Rel1/arm-none-eabi/bin/../lib/gcc/arm-none-eabi/13.2.1/../../../../arm-none-eabi/include
End of search list.
Compiler executable checksum: 18f4550fe29065d7f2478f7cc0cc177e
COLLECT_GCC_OPTIONS='-mcpu=cortex-m0plus' '-mthumb' '-v' '-std=gnu11' '-o' 'CMakeFiles/cmTC_5bd03.dir/CMakeCCompilerABI.c.obj' '-c' '-mfloat-abi=soft' '-mlibarch=armv6s-m' '-march=armv6s-m' '-dumpdir' 'CMakeFiles/cmTC_5bd03.dir/'
 /Applications/ArmGNUToolchain/13.2.Rel1/arm-none-eabi/bin/../lib/gcc/arm-none-eabi/13.2.1/../../../../arm-none-eabi/bin/as -v -march=armv6s-m -mfloat-abi=soft -meabi=5 -o CMakeFiles/cmTC_5bd03.dir/CMakeCCompilerABI.c.obj /var/folders/_b/lfrg63r50tn6k8q8c2y1frjr0000gn/T//ccyvyR70.s
GNU assembler version 2.41.0 (arm-none-eabi) using BFD version (Arm GNU Toolchain 13.2.rel1 (Build arm-13.7)) 2.41.0.20231009
COMPILER_PATH=/Applications/ArmGNUToolchain/13.2.Rel1/arm-none-eabi/bin/../libexec/gcc/arm-none-eabi/13.2.1/:/Applications/ArmGNUToolchain/13.2.Rel1/arm-none-eabi/bin/../libexec/gcc/:/Applications/ArmGNUToolchain/13.2.Rel1/arm-none-eabi/bin/../lib/gcc/arm-none-eabi/13.2.1/../../../../arm-none-eabi/bin/
LIBRARY_PATH=/Applications/ArmGNUToolchain/13.2.Rel1/arm-none-eabi/bin/../lib/gcc/arm-none-eabi/13.2.1/thumb/v6-m/nofp/:/Applications/ArmGNUToolchain/13.2.Rel1/arm-none-eabi/bin/../lib/gcc/arm-none-eabi/13.2.1/../../../../arm-none-eabi/lib/thumb/v6-m/nofp/:/Applications/ArmGNUToolchain/13.2.Rel1/arm-none-eabi/bin/../arm-none-eabi/lib/thumb/v6-m/nofp/:/Applications/ArmGNUToolchain/13.2.Rel1/arm-none-eabi/bin/../lib/gcc/arm-none-eabi/13.2.1/:/Applications/ArmGNUToolchain/13.2.Rel1/arm-none-eabi/bin/../lib/gcc/:/Applications/ArmGNUToolchain/13.2.Rel1/arm-none-eabi/bin/../lib/gcc/arm-none-eabi/13.2.1/../../../../arm-none-eabi/lib/:/Applications/ArmGNUToolchain/13.2.Rel1/arm-none-eabi/bin/../arm-none-eabi/lib/
COLLECT_GCC_OPTIONS='-mcpu=cortex-m0plus' '-mthumb' '-v' '-std=gnu11' '-o' 'CMakeFiles/cmTC_5bd03.dir/CMakeCCompilerABI.c.obj' '-c' '-mfloat-abi=soft' '-mlibarch=armv6s-m' '-march=armv6s-m' '-dumpdir' 'CMakeFiles/cmTC_5bd03.dir/CMakeCCompilerABI.c.'
[2/2] Linking C executable cmTC_5bd03.elf
Using built-in specs.
COLLECT_GCC=/Applications/ArmGNUToolchain/13.2.Rel1/arm-none-eabi/bin/arm-none-eabi-gcc
COLLECT_LTO_WRAPPER=/Applications/ArmGNUToolchain/13.2.Rel1/arm-none-eabi/bin/../libexec/gcc/arm-none-eabi/13.2.1/lto-wrapper
Target: arm-none-eabi
Configured with: /Volumes/data/jenkins/workspace/GNU-toolchain/arm-13/src/gcc/configure --target=arm-none-eabi --prefix=/Volumes/data/jenkins/workspace/GNU-toolchain/arm-13/build-arm-none-eabi/install --with-gmp=/Volumes/data/jenkins/workspace/GNU-toolchain/arm-13/build-arm-none-eabi/host-tools --with-mpfr=/Volumes/data/jenkins/workspace/GNU-toolchain/arm-13/build-arm-none-eabi/host-tools --with-mpc=/Volumes/data/jenkins/workspace/GNU-toolchain/arm-13/build-arm-none-eabi/host-tools --with-isl=/Volumes/data/jenkins/workspace/GNU-toolchain/arm-13/build-arm-none-eabi/host-tools --disable-shared --disable-nls --disable-threads --disable-tls --enable-checking=release --enable-languages=c,c++,fortran --with-newlib --with-gnu-as --with-headers=yes --with-gnu-ld --with-native-system-header-dir=/include --with-sysroot=/Volumes/data/jenkins/workspace/GNU-toolchain/arm-13/build-arm-none-eabi/install/arm-none-eabi --with-multilib-list=aprofile,rmprofile --with-pkgversion='Arm GNU Toolchain 13.2.rel1 (Build arm-13.7)' --with-bugurl=https://bugs.linaro.org/
Thread model: single
Supported LTO compression algorithms: zlib
gcc version 13.2.1 20231009 (Arm GNU Toolchain 13.2.rel1 (Build arm-13.7)) 
COMPILER_PATH=/Applications/ArmGNUToolchain/13.2.Rel1/arm-none-eabi/bin/../libexec/gcc/arm-none-eabi/13.2.1/:/Applications/ArmGNUToolchain/13.2.Rel1/arm-none-eabi/bin/../libexec/gcc/:/Applications/ArmGNUToolchain/13.2.Rel1/arm-none-eabi/bin/../lib/gcc/arm-none-eabi/13.2.1/../../../../arm-none-eabi/bin/
LIBRARY_PATH=/Applications/ArmGNUToolchain/13.2.Rel1/arm-none-eabi/bin/../lib/gcc/arm-none-eabi/13.2.1/thumb/v6-m/nofp/:/Applications/ArmGNUToolchain/13.2.Rel1/arm-none-eabi/bin/../lib/gcc/arm-none-eabi/13.2.1/../../../../arm-none-eabi/lib/thumb/v6-m/nofp/:/Applications/ArmGNUToolchain/13.2.Rel1/arm-none-eabi/bin/../arm-none-eabi/lib/thumb/v6-m/nofp/:/Applications/ArmGNUToolchain/13.2.Rel1/arm-none-eabi/bin/../lib/gcc/arm-none-eabi/13.2.1/:/Applications/ArmGNUToolchain/13.2.Rel1/arm-none-eabi/bin/../lib/gcc/:/Applications/ArmGNUToolchain/13.2.Rel1/arm-none-eabi/bin/../lib/gcc/arm-none-eabi/13.2.1/../../../../arm-none-eabi/lib/:/Applications/ArmGNUToolchain/13.2.Rel1/arm-none-eabi/bin/../arm-none-eabi/lib/
COLLECT_GCC_OPTIONS='-mcpu=cortex-m0plus' '-mthumb' '-nostdlib' '-v' '-o' 'cmTC_5bd03.elf' '-mfloat-abi=soft' '-mlibarch=armv6s-m' '-march=armv6s-m' '-dumpdir' 'cmTC_5bd03.elf.'
 /Applications/ArmGNUToolchain/13.2.Rel1/arm-none-eabi/bin/../libexec/gcc/arm-none-eabi/13.2.1/collect2 -plugin /Applications/ArmGNUToolchain/13.2.Rel1/arm-none-eabi/bin/../libexec/gcc/arm-none-eabi/13.2.1/liblto_plugin.so -plugin-opt=/Applications/ArmGNUToolchain/13.2.Rel1/arm-none-eabi/bin/../libexec/gcc/arm-none-eabi/13.2.1/lto-wrapper -plugin-opt=-fresolution=/var/folders/_b/lfrg63r50tn6k8q8c2y1frjr0000gn/T//ccn2G512.res --sysroot=/Applications/ArmGNUToolchain/13.2.Rel1/arm-none-eabi/bin/../arm-none-eabi -X -o cmTC_5bd03.elf -L/Applications/ArmGNUToolchain/13.2.Rel1/arm-none-eabi/bin/../lib/gcc/arm-none-eabi/13.2.1/thumb/v6-m/nofp -L/Applications/ArmGNUToolchain/13.2.Rel1/arm-none-eabi/bin/../lib/gcc/arm-none-eabi/13.2.1/../../../../arm-none-eabi/lib/thumb/v6-m/nofp -L/Applications/ArmGNUToolchain/13.2.Rel1/arm-none-eabi/bin/../arm-none-eabi/lib/thumb/v6-m/nofp -L/Applications/ArmGNUToolchain/13.2.Rel1/arm-none-eabi/bin/../lib/gcc/arm-none-eabi/13.2.1 -L/Applications/ArmGNUToolchain/13.2.Rel1/arm-none-eabi/bin/../lib/gcc -L/Applications/ArmGNUToolchain/13.2.Rel1/arm-none-eabi/bin/../lib/gcc/arm-none-eabi/13.2.1/../../../../arm-none-eabi/lib -L/Applications/ArmGNUToolchain/13.2.Rel1/arm-none-eabi/bin/../arm-none-eabi/lib --build-id=none CMakeFiles/cmTC_5bd03.dir/CMakeCCompilerABI.c.obj
/Applications/ArmGNUToolchain/13.2.Rel1/arm-none-eabi/bin/../lib/gcc/arm-none-eabi/13.2.1/../../../../arm-none-eabi/bin/ld: warning: cannot find entry symbol _start; defaulting to 00008000
COLLECT_GCC_OPTIONS='-mcpu=cortex-m0plus' '-mthumb' '-nostdlib' '-v' '-o' 'cmTC_5bd03.elf' '-mfloat-abi=soft' '-mlibarch=armv6s-m' '-march=armv6s-m' '-dumpdir' 'cmTC_5bd03.elf.'



Parsed C implicit include dir info from above output: rv=done
  found start of include info
  found start of implicit include info
    add: [/Applications/ArmGNUToolchain/13.2.Rel1/arm-none-eabi/bin/../lib/gcc/arm-none-eabi/13.2.1/include]
    add: [/Applications/ArmGNUToolchain/13.2.Rel1/arm-none-eabi/bin/../lib/gcc/arm-none-eabi/13.2.1/include-fixed]
    add: [/Applications/ArmGNUToolchain/13.2.Rel1/arm-none-eabi/bin/../lib/gcc/arm-none-eabi/13.2.1/../../../../arm-none-eabi/include]
  end of search list found
  collapse include dir [/Applications/ArmGNUToolchain/13.2.Rel1/arm-none-eabi/bin/../lib/gcc/arm-none-eabi/13.2.1/include] ==> [/Applications/ArmGNUToolchain/13.2.Rel1/arm-none-eabi/lib/gcc/arm-none-eabi/13.2.1/include]
  collapse include dir [/Applications/ArmGNUToolchain/13.2.Rel1/arm-none-eabi/bin/../lib/gcc/arm-none-eabi/13.2.1/include-fixed] ==> [/Applications/ArmGNUToolchain/13.2.Rel1/arm-none-eabi/lib/gcc/arm-none-eabi/13.2.1/include-fixed]
  collapse include dir [/Applications/ArmGNUToolchain/13.2.Rel1/arm-none-eabi/bin/../lib/gcc/arm-none-eabi/13.2.1/../../../../arm-none-eabi/include] ==> [/Applications/ArmGNUToolchain/13.2.Rel1/arm-none-eabi/arm-none-eabi/include]
  implicit include dirs: [/Applications/ArmGNUToolchain/13.2.Rel1/arm-none-eabi/lib/gcc/arm-none-eabi/13.2.1/include;/Applications/ArmGNUToolchain/13.2.Rel1/arm-none-eabi/lib/gcc/arm-none-eabi/13.2.1/include-fixed;/Applications/ArmGNUToolchain/13.2.Rel1/arm-none-eabi/arm-none-eabi/include]


Parsed C implicit link information from above output:
  link line regex: [^( *|.*[/\])(arm-none-eabi-ld|CMAKE_LINK_STARTFILE-NOTFOUND|([^/\]+-)?ld|collect2)[^/\]*( |$)]
  ignore line: [Change Dir: /Users/wdeutsch/Source/PicoSDK_RGBTreeSample/build/CMakeFiles/CMakeTmp]
  ignore line: []
  ignore line: [Run Build Command(s):/opt/local/bin/ninja cmTC_5bd03 && [1/2] Building C object CMakeFiles/cmTC_5bd03.dir/CMakeCCompilerABI.c.obj]
  ignore line: [Using built-in specs.]
  ignore line: [COLLECT_GCC=/Applications/ArmGNUToolchain/13.2.Rel1/arm-none-eabi/bin/arm-none-eabi-gcc]
  ignore line: [Target: arm-none-eabi]
  ignore line: [Configured with: /Volumes/data/jenkins/workspace/GNU-toolchain/arm-13/src/gcc/configure --target=arm-none-eabi --prefix=/Volumes/data/jenkins/workspace/GNU-toolchain/arm-13/build-arm-none-eabi/install --with-gmp=/Volumes/data/jenkins/workspace/GNU-toolchain/arm-13/build-arm-none-eabi/host-tools --with-mpfr=/Volumes/data/jenkins/workspace/GNU-toolchain/arm-13/build-arm-none-eabi/host-tools --with-mpc=/Volumes/data/jenkins/workspace/GNU-toolchain/arm-13/build-arm-none-eabi/host-tools --with-isl=/Volumes/data/jenkins/workspace/GNU-toolchain/arm-13/build-arm-none-eabi/host-tools --disable-shared --disable-nls --disable-threads --disable-tls --enable-checking=release --enable-languages=c,c++,fortran --with-newlib --with-gnu-as --with-headers=yes --with-gnu-ld --with-native-system-header-dir=/include --with-sysroot=/Volumes/data/jenkins/workspace/GNU-toolchain/arm-13/build-arm-none-eabi/install/arm-none-eabi --with-multilib-list=aprofile,rmprofile --with-pkgversion='Arm GNU Toolchain 13.2.rel1 (Build arm-13.7)' --with-bugurl=https://bugs.linaro.org/]
  ignore line: [Thread model: single]
  ignore line: [Supported LTO compression algorithms: zlib]
  ignore line: [gcc version 13.2.1 20231009 (Arm GNU Toolchain 13.2.rel1 (Build arm-13.7)) ]
  ignore line: [COLLECT_GCC_OPTIONS='-mcpu=cortex-m0plus' '-mthumb' '-v' '-std=gnu11' '-o' 'CMakeFiles/cmTC_5bd03.dir/CMakeCCompilerABI.c.obj' '-c' '-mfloat-abi=soft' '-mlibarch=armv6s-m' '-march=armv6s-m' '-dumpdir' 'CMakeFiles/cmTC_5bd03.dir/']
  ignore line: [ /Applications/ArmGNUToolchain/13.2.Rel1/arm-none-eabi/bin/../libexec/gcc/arm-none-eabi/13.2.1/cc1 -quiet -v -imultilib thumb/v6-m/nofp -iprefix /Applications/ArmGNUToolchain/13.2.Rel1/arm-none-eabi/bin/../lib/gcc/arm-none-eabi/13.2.1/ -isysroot /Applications/ArmGNUToolchain/13.2.Rel1/arm-none-eabi/bin/../arm-none-eabi -D__USES_INITFINI__ /opt/local/share/cmake-3.24/Modules/CMakeCCompilerABI.c -quiet -dumpdir CMakeFiles/cmTC_5bd03.dir/ -dumpbase CMakeCCompilerABI.c.c -dumpbase-ext .c -mcpu=cortex-m0plus -mthumb -mfloat-abi=soft -mlibarch=armv6s-m -march=armv6s-m -std=gnu11 -version -o /var/folders/_b/lfrg63r50tn6k8q8c2y1frjr0000gn/T//ccyvyR70.s]
  ignore line: [GNU C11 (Arm GNU Toolchain 13.2.rel1 (Build arm-13.7)) version 13.2.1 20231009 (arm-none-eabi)]
  ignore line: [	compiled by GNU C version Apple LLVM 13.0.0 (clang-1300.0.29.30)  GMP version 6.2.1  MPFR version 3.1.6  MPC version 1.0.3  isl version isl-0.15-1-g835ea3a-GMP]
  ignore line: []
  ignore line: [GGC heuristics: --param ggc-min-expand=100 --param ggc-min-heapsize=131072]
  ignore line: [ignoring duplicate directory "/Applications/ArmGNUToolchain/13.2.Rel1/arm-none-eabi/bin/../lib/gcc/../../lib/gcc/arm-none-eabi/13.2.1/include"]
  ignore line: [ignoring nonexistent directory "/Applications/ArmGNUToolchain/13.2.Rel1/arm-none-eabi/bin/../arm-none-eabi/usr/local/include"]
  ignore line: [ignoring duplicate directory "/Applications/ArmGNUToolchain/13.2.Rel1/arm-none-eabi/bin/../lib/gcc/../../lib/gcc/arm-none-eabi/13.2.1/include-fixed"]
  ignore line: [ignoring duplicate directory "/Applications/ArmGNUToolchain/13.2.Rel1/arm-none-eabi/bin/../lib/gcc/../../lib/gcc/arm-none-eabi/13.2.1/../../../../arm-none-eabi/include"]
  ignore line: [ignoring duplicate directory "/Applications/ArmGNUToolchain/13.2.Rel1/arm-none-eabi/bin/../arm-none-eabi/include"]
  ignore line: [#include "..." search starts here:]
  ignore line: [#include <...> search starts here:]
  ignore line: [ /Applications/ArmGNUToolchain/13.2.Rel1/arm-none-eabi/bin/../lib/gcc/arm-none-eabi/13.2.1/include]
  ignore line: [ /Applications/ArmGNUToolchain/13.2.Rel1/arm-none-eabi/bin/../lib/gcc/arm-none-eabi/13.2.1/include-fixed]
  ignore line: [ /Applications/ArmGNUToolchain/13.2.Rel1/arm-none-eabi/bin/../lib/gcc/arm-none-eabi/13.2.1/../../../../arm-none-eabi/include]
  ignore line: [End of search list.]
  ignore line: [Compiler executable checksum: 18f4550fe29065d7f2478f7cc0cc177e]
  ignore line: [COLLECT_GCC_OPTIONS='-mcpu=cortex-m0plus' '-mthumb' '-v' '-std=gnu11' '-o' 'CMakeFiles/cmTC_5bd03.dir/CMakeCCompilerABI.c.obj' '-c' '-mfloat-abi=soft' '-mlibarch=armv6s-m' '-march=armv6s-m' '-dumpdir' 'CMakeFiles/cmTC_5bd03.dir/']
  ignore line: [ /Applications/ArmGNUToolchain/13.2.Rel1/arm-none-eabi/bin/../lib/gcc/arm-none-eabi/13.2.1/../../../../arm-none-eabi/bin/as -v -march=armv6s-m -mfloat-abi=soft -meabi=5 -o CMakeFiles/cmTC_5bd03.dir/CMakeCCompilerABI.c.obj /var/folders/_b/lfrg63r50tn6k8q8c2y1frjr0000gn/T//ccyvyR70.s]
  ignore line: [GNU assembler version 2.41.0 (arm-none-eabi) using BFD version (Arm GNU Toolchain 13.2.rel1 (Build arm-13.7)) 2.41.0.20231009]
  ignore line: [COMPILER_PATH=/Applications/ArmGNUToolchain/13.2.Rel1/arm-none-eabi/bin/../libexec/gcc/arm-none-eabi/13.2.1/:/Applications/ArmGNUToolchain/13.2.Rel1/arm-none-eabi/bin/../libexec/gcc/:/Applications/ArmGNUToolchain/13.2.Rel1/arm-none-eabi/bin/../lib/gcc/arm-none-eabi/13.2.1/../../../../arm-none-eabi/bin/]
  ignore line: [LIBRARY_PATH=/Applications/ArmGNUToolchain/13.2.Rel1/arm-none-eabi/bin/../lib/gcc/arm-none-eabi/13.2.1/thumb/v6-m/nofp/:/Applications/ArmGNUToolchain/13.2.Rel1/arm-none-eabi/bin/../lib/gcc/arm-none-eabi/13.2.1/../../../../arm-none-eabi/lib/thumb/v6-m/nofp/:/Applications/ArmGNUToolchain/13.2.Rel1/arm-none-eabi/bin/../arm-none-eabi/lib/thumb/v6-m/nofp/:/Applications/ArmGNUToolchain/13.2.Rel1/arm-none-eabi/bin/../lib/gcc/arm-none-eabi/13.2.1/:/Applications/ArmGNUToolchain/13.2.Rel1/arm-none-eabi/bin/../lib/gcc/:/Applications/ArmGNUToolchain/13.2.Rel1/arm-none-eabi/bin/../lib/gcc/arm-none-eabi/13.2.1/../../../../arm-none-eabi/lib/:/Applications/ArmGNUToolchain/13.2.Rel1/arm-none-eabi/bin/../arm-none-eabi/lib/]
  ignore line: [COLLECT_GCC_OPTIONS='-mcpu=cortex-m0plus' '-mthumb' '-v' '-std=gnu11' '-o' 'CMakeFiles/cmTC_5bd03.dir/CMakeCCompilerABI.c.obj' '-c' '-mfloat-abi=soft' '-mlibarch=armv6s-m' '-march=armv6s-m' '-dumpdir' 'CMakeFiles/cmTC_5bd03.dir/CMakeCCompilerABI.c.']
  ignore line: [[2/2] Linking C executable cmTC_5bd03.elf]
  ignore line: [Using built-in specs.]
  ignore line: [COLLECT_GCC=/Applications/ArmGNUToolchain/13.2.Rel1/arm-none-eabi/bin/arm-none-eabi-gcc]
  ignore line: [COLLECT_LTO_WRAPPER=/Applications/ArmGNUToolchain/13.2.Rel1/arm-none-eabi/bin/../libexec/gcc/arm-none-eabi/13.2.1/lto-wrapper]
  ignore line: [Target: arm-none-eabi]
  ignore line: [Configured with: /Volumes/data/jenkins/workspace/GNU-toolchain/arm-13/src/gcc/configure --target=arm-none-eabi --prefix=/Volumes/data/jenkins/workspace/GNU-toolchain/arm-13/build-arm-none-eabi/install --with-gmp=/Volumes/data/jenkins/workspace/GNU-toolchain/arm-13/build-arm-none-eabi/host-tools --with-mpfr=/Volumes/data/jenkins/workspace/GNU-toolchain/arm-13/build-arm-none-eabi/host-tools --with-mpc=/Volumes/data/jenkins/workspace/GNU-toolchain/arm-13/build-arm-none-eabi/host-tools --with-isl=/Volumes/data/jenkins/workspace/GNU-toolchain/arm-13/build-arm-none-eabi/host-tools --disable-shared --disable-nls --disable-threads --disable-tls --enable-checking=release --enable-languages=c,c++,fortran --with-newlib --with-gnu-as --with-headers=yes --with-gnu-ld --with-native-system-header-dir=/include --with-sysroot=/Volumes/data/jenkins/workspace/GNU-toolchain/arm-13/build-arm-none-eabi/install/arm-none-eabi --with-multilib-list=aprofile,rmprofile --with-pkgversion='Arm GNU Toolchain 13.2.rel1 (Build arm-13.7)' --with-bugurl=https://bugs.linaro.org/]
  ignore line: [Thread model: single]
  ignore line: [Supported LTO compression algorithms: zlib]
  ignore line: [gcc version 13.2.1 20231009 (Arm GNU Toolchain 13.2.rel1 (Build arm-13.7)) ]
  ignore line: [COMPILER_PATH=/Applications/ArmGNUToolchain/13.2.Rel1/arm-none-eabi/bin/../libexec/gcc/arm-none-eabi/13.2.1/:/Applications/ArmGNUToolchain/13.2.Rel1/arm-none-eabi/bin/../libexec/gcc/:/Applications/ArmGNUToolchain/13.2.Rel1/arm-none-eabi/bin/../lib/gcc/arm-none-eabi/13.2.1/../../../../arm-none-eabi/bin/]
  ignore line: [LIBRARY_PATH=/Applications/ArmGNUToolchain/13.2.Rel1/arm-none-eabi/bin/../lib/gcc/arm-none-eabi/13.2.1/thumb/v6-m/nofp/:/Applications/ArmGNUToolchain/13.2.Rel1/arm-none-eabi/bin/../lib/gcc/arm-none-eabi/13.2.1/../../../../arm-none-eabi/lib/thumb/v6-m/nofp/:/Applications/ArmGNUToolchain/13.2.Rel1/arm-none-eabi/bin/../arm-none-eabi/lib/thumb/v6-m/nofp/:/Applications/ArmGNUToolchain/13.2.Rel1/arm-none-eabi/bin/../lib/gcc/arm-none-eabi/13.2.1/:/Applications/ArmGNUToolchain/13.2.Rel1/arm-none-eabi/bin/../lib/gcc/:/Applications/ArmGNUToolchain/13.2.Rel1/arm-none-eabi/bin/../lib/gcc/arm-none-eabi/13.2.1/../../../../arm-none-eabi/lib/:/Applications/ArmGNUToolchain/13.2.Rel1/arm-none-eabi/bin/../arm-none-eabi/lib/]
  ignore line: [COLLECT_GCC_OPTIONS='-mcpu=cortex-m0plus' '-mthumb' '-nostdlib' '-v' '-o' 'cmTC_5bd03.elf' '-mfloat-abi=soft' '-mlibarch=armv6s-m' '-march=armv6s-m' '-dumpdir' 'cmTC_5bd03.elf.']
  link line: [ /Applications/ArmGNUToolchain/13.2.Rel1/arm-none-eabi/bin/../libexec/gcc/arm-none-eabi/13.2.1/collect2 -plugin /Applications/ArmGNUToolchain/13.2.Rel1/arm-none-eabi/bin/../libexec/gcc/arm-none-eabi/13.2.1/liblto_plugin.so -plugin-opt=/Applications/ArmGNUToolchain/13.2.Rel1/arm-none-eabi/bin/../libexec/gcc/arm-none-eabi/13.2.1/lto-wrapper -plugin-opt=-fresolution=/var/folders/_b/lfrg63r50tn6k8q8c2y1frjr0000gn/T//ccn2G512.res --sysroot=/Applications/ArmGNUToolchain/13.2.Rel1/arm-none-eabi/bin/../arm-none-eabi -X -o cmTC_5bd03.elf -L/Applications/ArmGNUToolchain/13.2.Rel1/arm-none-eabi/bin/../lib/gcc/arm-none-eabi/13.2.1/thumb/v6-m/nofp -L/Applications/ArmGNUToolchain/13.2.Rel1/arm-none-eabi/bin/../lib/gcc/arm-none-eabi/13.2.1/../../../../arm-none-eabi/lib/thumb/v6-m/nofp -L/Applications/ArmGNUToolchain/13.2.Rel1/arm-none-eabi/bin/../arm-none-eabi/lib/thumb/v6-m/nofp -L/Applications/ArmGNUToolchain/13.2.Rel1/arm-none-eabi/bin/../lib/gcc/arm-none-eabi/13.2.1 -L/Applications/ArmGNUToolchain/13.2.Rel1/arm-none-eabi/bin/../lib/gcc -L/Applications/ArmGNUToolchain/13.2.Rel1/arm-none-eabi/bin/../lib/gcc/arm-none-eabi/13.2.1/../../../../arm-none-eabi/lib -L/Applications/ArmGNUToolchain/13.2.Rel1/arm-none-eabi/bin/../arm-none-eabi/lib --build-id=none CMakeFiles/cmTC_5bd03.dir/CMakeCCompilerABI.c.obj]
    arg [/Applications/ArmGNUToolchain/13.2.Rel1/arm-none-eabi/bin/../libexec/gcc/arm-none-eabi/13.2.1/collect2] ==> ignore
    arg [-plugin] ==> ignore
    arg [/Applications/ArmGNUToolchain/13.2.Rel1/arm-none-eabi/bin/../libexec/gcc/arm-none-eabi/13.2.1/liblto_plugin.so] ==> ignore
    arg [-plugin-opt=/Applications/ArmGNUToolchain/13.2.Rel1/arm-none-eabi/bin/../libexec/gcc/arm-none-eabi/13.2.1/lto-wrapper] ==> ignore
    arg [-plugin-opt=-fresolution=/var/folders/_b/lfrg63r50tn6k8q8c2y1frjr0000gn/T//ccn2G512.res] ==> ignore
    arg [--sysroot=/Applications/ArmGNUToolchain/13.2.Rel1/arm-none-eabi/bin/../arm-none-eabi] ==> ignore
    arg [-X] ==> ignore
    arg [-o] ==> ignore
    arg [cmTC_5bd03.elf] ==> ignore
    arg [-L/Applications/ArmGNUToolchain/13.2.Rel1/arm-none-eabi/bin/../lib/gcc/arm-none-eabi/13.2.1/thumb/v6-m/nofp] ==> dir [/Applications/ArmGNUToolchain/13.2.Rel1/arm-none-eabi/bin/../lib/gcc/arm-none-eabi/13.2.1/thumb/v6-m/nofp]
    arg [-L/Applications/ArmGNUToolchain/13.2.Rel1/arm-none-eabi/bin/../lib/gcc/arm-none-eabi/13.2.1/../../../../arm-none-eabi/lib/thumb/v6-m/nofp] ==> dir [/Applications/ArmGNUToolchain/13.2.Rel1/arm-none-eabi/bin/../lib/gcc/arm-none-eabi/13.2.1/../../../../arm-none-eabi/lib/thumb/v6-m/nofp]
    arg [-L/Applications/ArmGNUToolchain/13.2.Rel1/arm-none-eabi/bin/../arm-none-eabi/lib/thumb/v6-m/nofp] ==> dir [/Applications/ArmGNUToolchain/13.2.Rel1/arm-none-eabi/bin/../arm-none-eabi/lib/thumb/v6-m/nofp]
    arg [-L/Applications/ArmGNUToolchain/13.2.Rel1/arm-none-eabi/bin/../lib/gcc/arm-none-eabi/13.2.1] ==> dir [/Applications/ArmGNUToolchain/13.2.Rel1/arm-none-eabi/bin/../lib/gcc/arm-none-eabi/13.2.1]
    arg [-L/Applications/ArmGNUToolchain/13.2.Rel1/arm-none-eabi/bin/../lib/gcc] ==> dir [/Applications/ArmGNUToolchain/13.2.Rel1/arm-none-eabi/bin/../lib/gcc]
    arg [-L/Applications/ArmGNUToolchain/13.2.Rel1/arm-none-eabi/bin/../lib/gcc/arm-none-eabi/13.2.1/../../../../arm-none-eabi/lib] ==> dir [/Applications/ArmGNUToolchain/13.2.Rel1/arm-none-eabi/bin/../lib/gcc/arm-none-eabi/13.2.1/../../../../arm-none-eabi/lib]
    arg [-L/Applications/ArmGNUToolchain/13.2.Rel1/arm-none-eabi/bin/../arm-none-eabi/lib] ==> dir [/Applications/ArmGNUToolchain/13.2.Rel1/arm-none-eabi/bin/../arm-none-eabi/lib]
    arg [--build-id=none] ==> ignore
    arg [CMakeFiles/cmTC_5bd03.dir/CMakeCCompilerABI.c.obj] ==> ignore
  collapse library dir [/Applications/ArmGNUToolchain/13.2.Rel1/arm-none-eabi/bin/../lib/gcc/arm-none-eabi/13.2.1/thumb/v6-m/nofp] ==> [/Applications/ArmGNUToolchain/13.2.Rel1/arm-none-eabi/lib/gcc/arm-none-eabi/13.2.1/thumb/v6-m/nofp]
  collapse library dir [/Applications/ArmGNUToolchain/13.2.Rel1/arm-none-eabi/bin/../lib/gcc/arm-none-eabi/13.2.1/../../../../arm-none-eabi/lib/thumb/v6-m/nofp] ==> [/Applications/ArmGNUToolchain/13.2.Rel1/arm-none-eabi/arm-none-eabi/lib/thumb/v6-m/nofp]
  collapse library dir [/Applications/ArmGNUToolchain/13.2.Rel1/arm-none-eabi/bin/../arm-none-eabi/lib/thumb/v6-m/nofp] ==> [/Applications/ArmGNUToolchain/13.2.Rel1/arm-none-eabi/arm-none-eabi/lib/thumb/v6-m/nofp]
  collapse library dir [/Applications/ArmGNUToolchain/13.2.Rel1/arm-none-eabi/bin/../lib/gcc/arm-none-eabi/13.2.1] ==> [/Applications/ArmGNUToolchain/13.2.Rel1/arm-none-eabi/lib/gcc/arm-none-eabi/13.2.1]
  collapse library dir [/Applications/ArmGNUToolchain/13.2.Rel1/arm-none-eabi/bin/../lib/gcc] ==> [/Applications/ArmGNUToolchain/13.2.Rel1/arm-none-eabi/lib/gcc]
  collapse library dir [/Applications/ArmGNUToolchain/13.2.Rel1/arm-none-eabi/bin/../lib/gcc/arm-none-eabi/13.2.1/../../../../arm-none-eabi/lib] ==> [/Applications/ArmGNUToolchain/13.2.Rel1/arm-none-eabi/arm-none-eabi/lib]
  collapse library dir [/Applications/ArmGNUToolchain/13.2.Rel1/arm-none-eabi/bin/../arm-none-eabi/lib] ==> [/Applications/ArmGNUToolchain/13.2.Rel1/arm-none-eabi/arm-none-eabi/lib]
  implicit libs: []
  implicit objs: []
  implicit dirs: [/Applications/ArmGNUToolchain/13.2.Rel1/arm-none-eabi/lib/gcc/arm-none-eabi/13.2.1/thumb/v6-m/nofp;/Applications/ArmGNUToolchain/13.2.Rel1/arm-none-eabi/arm-none-eabi/lib/thumb/v6-m/nofp;/Applications/ArmGNUToolchain/13.2.Rel1/arm-none-eabi/lib/gcc/arm-none-eabi/13.2.1;/Applications/ArmGNUToolchain/13.2.Rel1/arm-none-eabi/lib/gcc;/Applications/ArmGNUToolchain/13.2.Rel1/arm-none-eabi/arm-none-eabi/lib]
  implicit fwks: []


Detecting CXX compiler ABI info compiled with the following output:
Change Dir: /Users/wdeutsch/Source/PicoSDK_RGBTreeSample/build/CMakeFiles/CMakeTmp

Run Build Command(s):/opt/local/bin/ninja cmTC_6efa6 && [1/2] Building CXX object CMakeFiles/cmTC_6efa6.dir/CMakeCXXCompilerABI.cpp.obj
Using built-in specs.
COLLECT_GCC=/Applications/ArmGNUToolchain/13.2.Rel1/arm-none-eabi/bin/arm-none-eabi-g++
Target: arm-none-eabi
Configured with: /Volumes/data/jenkins/workspace/GNU-toolchain/arm-13/src/gcc/configure --target=arm-none-eabi --prefix=/Volumes/data/jenkins/workspace/GNU-toolchain/arm-13/build-arm-none-eabi/install --with-gmp=/Volumes/data/jenkins/workspace/GNU-toolchain/arm-13/build-arm-none-eabi/host-tools --with-mpfr=/Volumes/data/jenkins/workspace/GNU-toolchain/arm-13/build-arm-none-eabi/host-tools --with-mpc=/Volumes/data/jenkins/workspace/GNU-toolchain/arm-13/build-arm-none-eabi/host-tools --with-isl=/Volumes/data/jenkins/workspace/GNU-toolchain/arm-13/build-arm-none-eabi/host-tools --disable-shared --disable-nls --disable-threads --disable-tls --enable-checking=release --enable-languages=c,c++,fortran --with-newlib --with-gnu-as --with-headers=yes --with-gnu-ld --with-native-system-header-dir=/include --with-sysroot=/Volumes/data/jenkins/workspace/GNU-toolchain/arm-13/build-arm-none-eabi/install/arm-none-eabi --with-multilib-list=aprofile,rmprofile --with-pkgversion='Arm GNU Toolchain 13.2.rel1 (Build arm-13.7)' --with-bugurl=https://bugs.linaro.org/
Thread model: single
Supported LTO compression algorithms: zlib
gcc version 13.2.1 20231009 (Arm GNU Toolchain 13.2.rel1 (Build arm-13.7)) 
COLLECT_GCC_OPTIONS='-mcpu=cortex-m0plus' '-mthumb' '-v' '-std=gnu++20' '-o' 'CMakeFiles/cmTC_6efa6.dir/CMakeCXXCompilerABI.cpp.obj' '-c' '-mfloat-abi=soft' '-mlibarch=armv6s-m' '-march=armv6s-m' '-dumpdir' 'CMakeFiles/cmTC_6efa6.dir/'
 /Applications/ArmGNUToolchain/13.2.Rel1/arm-none-eabi/bin/../libexec/gcc/arm-none-eabi/13.2.1/cc1plus -quiet -v -imultilib thumb/v6-m/nofp -iprefix /Applications/ArmGNUToolchain/13.2.Rel1/arm-none-eabi/bin/../lib/gcc/arm-none-eabi/13.2.1/ -isysroot /Applications/ArmGNUToolchain/13.2.Rel1/arm-none-eabi/bin/../arm-none-eabi -D__USES_INITFINI__ /opt/local/share/cmake-3.24/Modules/CMakeCXXCompilerABI.cpp -quiet -dumpdir CMakeFiles/cmTC_6efa6.dir/ -dumpbase CMakeCXXCompilerABI.cpp.cpp -dumpbase-ext .cpp -mcpu=cortex-m0plus -mthumb -mfloat-abi=soft -mlibarch=armv6s-m -march=armv6s-m -std=gnu++20 -version -o /var/folders/_b/lfrg63r50tn6k8q8c2y1frjr0000gn/T//ccDLglYR.s
GNU C++20 (Arm GNU Toolchain 13.2.rel1 (Build arm-13.7)) version 13.2.1 20231009 (arm-none-eabi)
	compiled by GNU C version Apple LLVM 13.0.0 (clang-1300.0.29.30), GMP version 6.2.1, MPFR version 3.1.6, MPC version 1.0.3, isl version isl-0.15-1-g835ea3a-GMP

GGC heuristics: --param ggc-min-expand=100 --param ggc-min-heapsize=131072
ignoring duplicate directory "/Applications/ArmGNUToolchain/13.2.Rel1/arm-none-eabi/bin/../lib/gcc/../../lib/gcc/arm-none-eabi/13.2.1/../../../../arm-none-eabi/include/c++/13.2.1"
ignoring duplicate directory "/Applications/ArmGNUToolchain/13.2.Rel1/arm-none-eabi/bin/../lib/gcc/../../lib/gcc/arm-none-eabi/13.2.1/../../../../arm-none-eabi/include/c++/13.2.1/arm-none-eabi/thumb/v6-m/nofp"
ignoring duplicate directory "/Applications/ArmGNUToolchain/13.2.Rel1/arm-none-eabi/bin/../lib/gcc/../../lib/gcc/arm-none-eabi/13.2.1/../../../../arm-none-eabi/include/c++/13.2.1/backward"
ignoring duplicate directory "/Applications/ArmGNUToolchain/13.2.Rel1/arm-none-eabi/bin/../lib/gcc/../../lib/gcc/arm-none-eabi/13.2.1/include"
ignoring nonexistent directory "/Applications/ArmGNUToolchain/13.2.Rel1/arm-none-eabi/bin/../arm-none-eabi/usr/local/include"
ignoring duplicate directory "/Applications/ArmGNUToolchain/13.2.Rel1/arm-none-eabi/bin/../lib/gcc/../../lib/gcc/arm-none-eabi/13.2.1/include-fixed"
ignoring duplicate directory "/Applications/ArmGNUToolchain/13.2.Rel1/arm-none-eabi/bin/../lib/gcc/../../lib/gcc/arm-none-eabi/13.2.1/../../../../arm-none-eabi/include"
ignoring duplicate directory "/Applications/ArmGNUToolchain/13.2.Rel1/arm-none-eabi/bin/../arm-none-eabi/include"
#include "..." search starts here:
#include <...> search starts here:
 /Applications/ArmGNUToolchain/13.2.Rel1/arm-none-eabi/bin/../lib/gcc/arm-none-eabi/13.2.1/../../../../arm-none-eabi/include/c++/13.2.1
 /Applications/ArmGNUToolchain/13.2.Rel1/arm-none-eabi/bin/../lib/gcc/arm-none-eabi/13.2.1/../../../../arm-none-eabi/include/c++/13.2.1/arm-none-eabi/thumb/v6-m/nofp
 /Applications/ArmGNUToolchain/13.2.Rel1/arm-none-eabi/bin/../lib/gcc/arm-none-eabi/13.2.1/../../../../arm-none-eabi/include/c++/13.2.1/backward
 /Applications/ArmGNUToolchain/13.2.Rel1/arm-none-eabi/bin/../lib/gcc/arm-none-eabi/13.2.1/include
 /Applications/ArmGNUToolchain/13.2.Rel1/arm-none-eabi/bin/../lib/gcc/arm-none-eabi/13.2.1/include-fixed
 /Applications/ArmGNUToolchain/13.2.Rel1/arm-none-eabi/bin/../lib/gcc/arm-none-eabi/13.2.1/../../../../arm-none-eabi/include
End of search list.
Compiler executable checksum: 4ff2f957a4f92f408126d7aa1ec592f3
COLLECT_GCC_OPTIONS='-mcpu=cortex-m0plus' '-mthumb' '-v' '-std=gnu++20' '-o' 'CMakeFiles/cmTC_6efa6.dir/CMakeCXXCompilerABI.cpp.obj' '-c' '-mfloat-abi=soft' '-mlibarch=armv6s-m' '-march=armv6s-m' '-dumpdir' 'CMakeFiles/cmTC_6efa6.dir/'
 /Applications/ArmGNUToolchain/13.2.Rel1/arm-none-eabi/bin/../lib/gcc/arm-none-eabi/13.2.1/../../../../arm-none-eabi/bin/as -v -march=armv6s-m -mfloat-abi=soft -meabi=5 -o CMakeFiles/cmTC_6efa6.dir/CMakeCXXCompilerABI.cpp.obj /var/folders/_b/lfrg63r50tn6k8q8c2y1frjr0000gn/T//ccDLglYR.s
GNU assembler version 2.41.0 (arm-none-eabi) using BFD version (Arm GNU Toolchain 13.2.rel1 (Build arm-13.7)) 2.41.0.20231009
COMPILER_PATH=/Applications/ArmGNUToolchain/13.2.Rel1/arm-none-eabi/bin/../libexec/gcc/arm-none-eabi/13.2.1/:/Applications/ArmGNUToolchain/13.2.Rel1/arm-none-eabi/bin/../libexec/gcc/:/Applications/ArmGNUToolchain/13.2.Rel1/arm-none-eabi/bin/../lib/gcc/arm-none-eabi/13.2.1/../../../../arm-none-eabi/bin/
LIBRARY_PATH=/Applications/ArmGNUToolchain/13.2.Rel1/arm-none-eabi/bin/../lib/gcc/arm-none-eabi/13.2.1/thumb/v6-m/nofp/:/Applications/ArmGNUToolchain/13.2.Rel1/arm-none-eabi/bin/../lib/gcc/arm-none-eabi/13.2.1/../../../../arm-none-eabi/lib/thumb/v6-m/nofp/:/Applications/ArmGNUToolchain/13.2.Rel1/arm-none-eabi/bin/../arm-none-eabi/lib/thumb/v6-m/nofp/:/Applications/ArmGNUToolchain/13.2.Rel1/arm-none-eabi/bin/../lib/gcc/arm-none-eabi/13.2.1/:/Applications/ArmGNUToolchain/13.2.Rel1/arm-none-eabi/bin/../lib/gcc/:/Applications/ArmGNUToolchain/13.2.Rel1/arm-none-eabi/bin/../lib/gcc/arm-none-eabi/13.2.1/../../../../arm-none-eabi/lib/:/Applications/ArmGNUToolchain/13.2.Rel1/arm-none-eabi/bin/../arm-none-eabi/lib/
COLLECT_GCC_OPTIONS='-mcpu=cortex-m0plus' '-mthumb' '-v' '-std=gnu++20' '-o' 'CMakeFiles/cmTC_6efa6.dir/CMakeCXXCompilerABI.cpp.obj' '-c' '-mfloat-abi=soft' '-mlibarch=armv6s-m' '-march=armv6s-m' '-dumpdir' 'CMakeFiles/cmTC_6efa6.dir/CMakeCXXCompilerABI.cpp.'
[2/2] Linking CXX executable cmTC_6efa6.elf
Using built-in specs.
COLLECT_GCC=/Applications/ArmGNUToolchain/13.2.Rel1/arm-none-eabi/bin/arm-none-eabi-g++
COLLECT_LTO_WRAPPER=/Applications/ArmGNUToolchain/13.2.Rel1/arm-none-eabi/bin/../libexec/gcc/arm-none-eabi/13.2.1/lto-wrapper
Target: arm-none-eabi
Configured with: /Volumes/data/jenkins/workspace/GNU-toolchain/arm-13/src/gcc/configure --target=arm-none-eabi --prefix=/Volumes/data/jenkins/workspace/GNU-toolchain/arm-13/build-arm-none-eabi/install --with-gmp=/Volumes/data/jenkins/workspace/GNU-toolchain/arm-13/build-arm-none-eabi/host-tools --with-mpfr=/Volumes/data/jenkins/workspace/GNU-toolchain/arm-13/build-arm-none-eabi/host-tools --with-mpc=/Volumes/data/jenkins/workspace/GNU-toolchain/arm-13/build-arm-none-eabi/host-tools --with-isl=/Volumes/data/jenkins/workspace/GNU-toolchain/arm-13/build-arm-none-eabi/host-tools --disable-shared --disable-nls --disable-threads --disable-tls --enable-checking=release --enable-languages=c,c++,fortran --with-newlib --with-gnu-as --with-headers=yes --with-gnu-ld --with-native-system-header-dir=/include --with-sysroot=/Volumes/data/jenkins/workspace/GNU-toolchain/arm-13/build-arm-none-eabi/install/arm-none-eabi --with-multilib-list=aprofile,rmprofile --with-pkgversion='Arm GNU Toolchain 13.2.rel1 (Build arm-13.7)' --with-bugurl=https://bugs.linaro.org/
Thread model: single
Supported LTO compression algorithms: zlib
gcc version 13.2.1 20231009 (Arm GNU Toolchain 13.2.rel1 (Build arm-13.7)) 
COMPILER_PATH=/Applications/ArmGNUToolchain/13.2.Rel1/arm-none-eabi/bin/../libexec/gcc/arm-none-eabi/13.2.1/:/Applications/ArmGNUToolchain/13.2.Rel1/arm-none-eabi/bin/../libexec/gcc/:/Applications/ArmGNUToolchain/13.2.Rel1/arm-none-eabi/bin/../lib/gcc/arm-none-eabi/13.2.1/../../../../arm-none-eabi/bin/
LIBRARY_PATH=/Applications/ArmGNUToolchain/13.2.Rel1/arm-none-eabi/bin/../lib/gcc/arm-none-eabi/13.2.1/thumb/v6-m/nofp/:/Applications/ArmGNUToolchain/13.2.Rel1/arm-none-eabi/bin/../lib/gcc/arm-none-eabi/13.2.1/../../../../arm-none-eabi/lib/thumb/v6-m/nofp/:/Applications/ArmGNUToolchain/13.2.Rel1/arm-none-eabi/bin/../arm-none-eabi/lib/thumb/v6-m/nofp/:/Applications/ArmGNUToolchain/13.2.Rel1/arm-none-eabi/bin/../lib/gcc/arm-none-eabi/13.2.1/:/Applications/ArmGNUToolchain/13.2.Rel1/arm-none-eabi/bin/../lib/gcc/:/Applications/ArmGNUToolchain/13.2.Rel1/arm-none-eabi/bin/../lib/gcc/arm-none-eabi/13.2.1/../../../../arm-none-eabi/lib/:/Applications/ArmGNUToolchain/13.2.Rel1/arm-none-eabi/bin/../arm-none-eabi/lib/
COLLECT_GCC_OPTIONS='-mcpu=cortex-m0plus' '-mthumb' '-nostdlib' '-v' '-o' 'cmTC_6efa6.elf' '-mfloat-abi=soft' '-mlibarch=armv6s-m' '-march=armv6s-m' '-dumpdir' 'cmTC_6efa6.elf.'
 /Applications/ArmGNUToolchain/13.2.Rel1/arm-none-eabi/bin/../libexec/gcc/arm-none-eabi/13.2.1/collect2 -plugin /Applications/ArmGNUToolchain/13.2.Rel1/arm-none-eabi/bin/../libexec/gcc/arm-none-eabi/13.2.1/liblto_plugin.so -plugin-opt=/Applications/ArmGNUToolchain/13.2.Rel1/arm-none-eabi/bin/../libexec/gcc/arm-none-eabi/13.2.1/lto-wrapper -plugin-opt=-fresolution=/var/folders/_b/lfrg63r50tn6k8q8c2y1frjr0000gn/T//cc2fOBAo.res --sysroot=/Applications/ArmGNUToolchain/13.2.Rel1/arm-none-eabi/bin/../arm-none-eabi -X -o cmTC_6efa6.elf -L/Applications/ArmGNUToolchain/13.2.Rel1/arm-none-eabi/bin/../lib/gcc/arm-none-eabi/13.2.1/thumb/v6-m/nofp -L/Applications/ArmGNUToolchain/13.2.Rel1/arm-none-eabi/bin/../lib/gcc/arm-none-eabi/13.2.1/../../../../arm-none-eabi/lib/thumb/v6-m/nofp -L/Applications/ArmGNUToolchain/13.2.Rel1/arm-none-eabi/bin/../arm-none-eabi/lib/thumb/v6-m/nofp -L/Applications/ArmGNUToolchain/13.2.Rel1/arm-none-eabi/bin/../lib/gcc/arm-none-eabi/13.2.1 -L/Applications/ArmGNUToolchain/13.2.Rel1/arm-none-eabi/bin/../lib/gcc -L/Applications/ArmGNUToolchain/13.2.Rel1/arm-none-eabi/bin/../lib/gcc/arm-none-eabi/13.2.1/../../../../arm-none-eabi/lib -L/Applications/ArmGNUToolchain/13.2.Rel1/arm-none-eabi/bin/../arm-none-eabi/lib --build-id=none CMakeFiles/cmTC_6efa6.dir/CMakeCXXCompilerABI.cpp.obj
/Applications/ArmGNUToolchain/13.2.Rel1/arm-none-eabi/bin/../lib/gcc/arm-none-eabi/13.2.1/../../../../arm-none-eabi/bin/ld: warning: cannot find entry symbol _start; defaulting to 00008000
COLLECT_GCC_OPTIONS='-mcpu=cortex-m0plus' '-mthumb' '-nostdlib' '-v' '-o' 'cmTC_6efa6.elf' '-mfloat-abi=soft' '-mlibarch=armv6s-m' '-march=armv6s-m' '-dumpdir' 'cmTC_6efa6.elf.'



Parsed CXX implicit include dir info from above output: rv=done
  found start of include info
  found start of implicit include info
    add: [/Applications/ArmGNUToolchain/13.2.Rel1/arm-none-eabi/bin/../lib/gcc/arm-none-eabi/13.2.1/../../../../arm-none-eabi/include/c++/13.2.1]
    add: [/Applications/ArmGNUToolchain/13.2.Rel1/arm-none-eabi/bin/../lib/gcc/arm-none-eabi/13.2.1/../../../../arm-none-eabi/include/c++/13.2.1/arm-none-eabi/thumb/v6-m/nofp]
    add: [/Applications/ArmGNUToolchain/13.2.Rel1/arm-none-eabi/bin/../lib/gcc/arm-none-eabi/13.2.1/../../../../arm-none-eabi/include/c++/13.2.1/backward]
    add: [/Applications/ArmGNUToolchain/13.2.Rel1/arm-none-eabi/bin/../lib/gcc/arm-none-eabi/13.2.1/include]
    add: [/Applications/ArmGNUToolchain/13.2.Rel1/arm-none-eabi/bin/../lib/gcc/arm-none-eabi/13.2.1/include-fixed]
    add: [/Applications/ArmGNUToolchain/13.2.Rel1/arm-none-eabi/bin/../lib/gcc/arm-none-eabi/13.2.1/../../../../arm-none-eabi/include]
  end of search list found
  collapse include dir [/Applications/ArmGNUToolchain/13.2.Rel1/arm-none-eabi/bin/../lib/gcc/arm-none-eabi/13.2.1/../../../../arm-none-eabi/include/c++/13.2.1] ==> [/Applications/ArmGNUToolchain/13.2.Rel1/arm-none-eabi/arm-none-eabi/include/c++/13.2.1]
  collapse include dir [/Applications/ArmGNUToolchain/13.2.Rel1/arm-none-eabi/bin/../lib/gcc/arm-none-eabi/13.2.1/../../../../arm-none-eabi/include/c++/13.2.1/arm-none-eabi/thumb/v6-m/nofp] ==> [/Applications/ArmGNUToolchain/13.2.Rel1/arm-none-eabi/arm-none-eabi/include/c++/13.2.1/arm-none-eabi/thumb/v6-m/nofp]
  collapse include dir [/Applications/ArmGNUToolchain/13.2.Rel1/arm-none-eabi/bin/../lib/gcc/arm-none-eabi/13.2.1/../../../../arm-none-eabi/include/c++/13.2.1/backward] ==> [/Applications/ArmGNUToolchain/13.2.Rel1/arm-none-eabi/arm-none-eabi/include/c++/13.2.1/backward]
  collapse include dir [/Applications/ArmGNUToolchain/13.2.Rel1/arm-none-eabi/bin/../lib/gcc/arm-none-eabi/13.2.1/include] ==> [/Applications/ArmGNUToolchain/13.2.Rel1/arm-none-eabi/lib/gcc/arm-none-eabi/13.2.1/include]
  collapse include dir [/Applications/ArmGNUToolchain/13.2.Rel1/arm-none-eabi/bin/../lib/gcc/arm-none-eabi/13.2.1/include-fixed] ==> [/Applications/ArmGNUToolchain/13.2.Rel1/arm-none-eabi/lib/gcc/arm-none-eabi/13.2.1/include-fixed]
  collapse include dir [/Applications/ArmGNUToolchain/13.2.Rel1/arm-none-eabi/bin/../lib/gcc/arm-none-eabi/13.2.1/../../../../arm-none-eabi/include] ==> [/Applications/ArmGNUToolchain/13.2.Rel1/arm-none-eabi/arm-none-eabi/include]
  implicit include dirs: [/Applications/ArmGNUToolchain/13.2.Rel1/arm-none-eabi/arm-none-eabi/include/c++/13.2.1;/Applications/ArmGNUToolchain/13.2.Rel1/arm-none-eabi/arm-none-eabi/include/c++/13.2.1/arm-none-eabi/thumb/v6-m/nofp;/Applications/ArmGNUToolchain/13.2.Rel1/arm-none-eabi/arm-none-eabi/include/c++/13.2.1/backward;/Applications/ArmGNUToolchain/13.2.Rel1/arm-none-eabi/lib/gcc/arm-none-eabi/13.2.1/include;/Applications/ArmGNUToolchain/13.2.Rel1/arm-none-eabi/lib/gcc/arm-none-eabi/13.2.1/include-fixed;/Applications/ArmGNUToolchain/13.2.Rel1/arm-none-eabi/arm-none-eabi/include]


Parsed CXX implicit link information from above output:
  link line regex: [^( *|.*[/\])(arm-none-eabi-ld|CMAKE_LINK_STARTFILE-NOTFOUND|([^/\]+-)?ld|collect2)[^/\]*( |$)]
  ignore line: [Change Dir: /Users/wdeutsch/Source/PicoSDK_RGBTreeSample/build/CMakeFiles/CMakeTmp]
  ignore line: []
  ignore line: [Run Build Command(s):/opt/local/bin/ninja cmTC_6efa6 && [1/2] Building CXX object CMakeFiles/cmTC_6efa6.dir/CMakeCXXCompilerABI.cpp.obj]
  ignore line: [Using built-in specs.]
  ignore line: [COLLECT_GCC=/Applications/ArmGNUToolchain/13.2.Rel1/arm-none-eabi/bin/arm-none-eabi-g++]
  ignore line: [Target: arm-none-eabi]
  ignore line: [Configured with: /Volumes/data/jenkins/workspace/GNU-toolchain/arm-13/src/gcc/configure --target=arm-none-eabi --prefix=/Volumes/data/jenkins/workspace/GNU-toolchain/arm-13/build-arm-none-eabi/install --with-gmp=/Volumes/data/jenkins/workspace/GNU-toolchain/arm-13/build-arm-none-eabi/host-tools --with-mpfr=/Volumes/data/jenkins/workspace/GNU-toolchain/arm-13/build-arm-none-eabi/host-tools --with-mpc=/Volumes/data/jenkins/workspace/GNU-toolchain/arm-13/build-arm-none-eabi/host-tools --with-isl=/Volumes/data/jenkins/workspace/GNU-toolchain/arm-13/build-arm-none-eabi/host-tools --disable-shared --disable-nls --disable-threads --disable-tls --enable-checking=release --enable-languages=c,c++,fortran --with-newlib --with-gnu-as --with-headers=yes --with-gnu-ld --with-native-system-header-dir=/include --with-sysroot=/Volumes/data/jenkins/workspace/GNU-toolchain/arm-13/build-arm-none-eabi/install/arm-none-eabi --with-multilib-list=aprofile,rmprofile --with-pkgversion='Arm GNU Toolchain 13.2.rel1 (Build arm-13.7)' --with-bugurl=https://bugs.linaro.org/]
  ignore line: [Thread model: single]
  ignore line: [Supported LTO compression algorithms: zlib]
  ignore line: [gcc version 13.2.1 20231009 (Arm GNU Toolchain 13.2.rel1 (Build arm-13.7)) ]
  ignore line: [COLLECT_GCC_OPTIONS='-mcpu=cortex-m0plus' '-mthumb' '-v' '-std=gnu++20' '-o' 'CMakeFiles/cmTC_6efa6.dir/CMakeCXXCompilerABI.cpp.obj' '-c' '-mfloat-abi=soft' '-mlibarch=armv6s-m' '-march=armv6s-m' '-dumpdir' 'CMakeFiles/cmTC_6efa6.dir/']
  ignore line: [ /Applications/ArmGNUToolchain/13.2.Rel1/arm-none-eabi/bin/../libexec/gcc/arm-none-eabi/13.2.1/cc1plus -quiet -v -imultilib thumb/v6-m/nofp -iprefix /Applications/ArmGNUToolchain/13.2.Rel1/arm-none-eabi/bin/../lib/gcc/arm-none-eabi/13.2.1/ -isysroot /Applications/ArmGNUToolchain/13.2.Rel1/arm-none-eabi/bin/../arm-none-eabi -D__USES_INITFINI__ /opt/local/share/cmake-3.24/Modules/CMakeCXXCompilerABI.cpp -quiet -dumpdir CMakeFiles/cmTC_6efa6.dir/ -dumpbase CMakeCXXCompilerABI.cpp.cpp -dumpbase-ext .cpp -mcpu=cortex-m0plus -mthumb -mfloat-abi=soft -mlibarch=armv6s-m -march=armv6s-m -std=gnu++20 -version -o /var/folders/_b/lfrg63r50tn6k8q8c2y1frjr0000gn/T//ccDLglYR.s]
  ignore line: [GNU C++20 (Arm GNU Toolchain 13.2.rel1 (Build arm-13.7)) version 13.2.1 20231009 (arm-none-eabi)]
  ignore line: [	compiled by GNU C version Apple LLVM 13.0.0 (clang-1300.0.29.30)  GMP version 6.2.1  MPFR version 3.1.6  MPC version 1.0.3  isl version isl-0.15-1-g835ea3a-GMP]
  ignore line: []
  ignore line: [GGC heuristics: --param ggc-min-expand=100 --param ggc-min-heapsize=131072]
  ignore line: [ignoring duplicate directory "/Applications/ArmGNUToolchain/13.2.Rel1/arm-none-eabi/bin/../lib/gcc/../../lib/gcc/arm-none-eabi/13.2.1/../../../../arm-none-eabi/include/c++/13.2.1"]
  ignore line: [ignoring duplicate directory "/Applications/ArmGNUToolchain/13.2.Rel1/arm-none-eabi/bin/../lib/gcc/../../lib/gcc/arm-none-eabi/13.2.1/../../../../arm-none-eabi/include/c++/13.2.1/arm-none-eabi/thumb/v6-m/nofp"]
  ignore line: [ignoring duplicate directory "/Applications/ArmGNUToolchain/13.2.Rel1/arm-none-eabi/bin/../lib/gcc/../../lib/gcc/arm-none-eabi/13.2.1/../../../../arm-none-eabi/include/c++/13.2.1/backward"]
  ignore line: [ignoring duplicate directory "/Applications/ArmGNUToolchain/13.2.Rel1/arm-none-eabi/bin/../lib/gcc/../../lib/gcc/arm-none-eabi/13.2.1/include"]
  ignore line: [ignoring nonexistent directory "/Applications/ArmGNUToolchain/13.2.Rel1/arm-none-eabi/bin/../arm-none-eabi/usr/local/include"]
  ignore line: [ignoring duplicate directory "/Applications/ArmGNUToolchain/13.2.Rel1/arm-none-eabi/bin/../lib/gcc/../../lib/gcc/arm-none-eabi/13.2.1/include-fixed"]
  ignore line: [ignoring duplicate directory "/Applications/ArmGNUToolchain/13.2.Rel1/arm-none-eabi/bin/../lib/gcc/../../lib/gcc/arm-none-eabi/13.2.1/../../../../arm-none-eabi/include"]
  ignore line: [ignoring duplicate directory "/Applications/ArmGNUToolchain/13.2.Rel1/arm-none-eabi/bin/../arm-none-eabi/include"]
  ignore line: [#include "..." search starts here:]
  ignore line: [#include <...> search starts here:]
  ignore line: [ /Applications/ArmGNUToolchain/13.2.Rel1/arm-none-eabi/bin/../lib/gcc/arm-none-eabi/13.2.1/../../../../arm-none-eabi/include/c++/13.2.1]
  ignore line: [ /Applications/ArmGNUToolchain/13.2.Rel1/arm-none-eabi/bin/../lib/gcc/arm-none-eabi/13.2.1/../../../../arm-none-eabi/include/c++/13.2.1/arm-none-eabi/thumb/v6-m/nofp]
  ignore line: [ /Applications/ArmGNUToolchain/13.2.Rel1/arm-none-eabi/bin/../lib/gcc/arm-none-eabi/13.2.1/../../../../arm-none-eabi/include/c++/13.2.1/backward]
  ignore line: [ /Applications/ArmGNUToolchain/13.2.Rel1/arm-none-eabi/bin/../lib/gcc/arm-none-eabi/13.2.1/include]
  ignore line: [ /Applications/ArmGNUToolchain/13.2.Rel1/arm-none-eabi/bin/../lib/gcc/arm-none-eabi/13.2.1/include-fixed]
  ignore line: [ /Applications/ArmGNUToolchain/13.2.Rel1/arm-none-eabi/bin/../lib/gcc/arm-none-eabi/13.2.1/../../../../arm-none-eabi/include]
  ignore line: [End of search list.]
  ignore line: [Compiler executable checksum: 4ff2f957a4f92f408126d7aa1ec592f3]
  ignore line: [COLLECT_GCC_OPTIONS='-mcpu=cortex-m0plus' '-mthumb' '-v' '-std=gnu++20' '-o' 'CMakeFiles/cmTC_6efa6.dir/CMakeCXXCompilerABI.cpp.obj' '-c' '-mfloat-abi=soft' '-mlibarch=armv6s-m' '-march=armv6s-m' '-dumpdir' 'CMakeFiles/cmTC_6efa6.dir/']
  ignore line: [ /Applications/ArmGNUToolchain/13.2.Rel1/arm-none-eabi/bin/../lib/gcc/arm-none-eabi/13.2.1/../../../../arm-none-eabi/bin/as -v -march=armv6s-m -mfloat-abi=soft -meabi=5 -o CMakeFiles/cmTC_6efa6.dir/CMakeCXXCompilerABI.cpp.obj /var/folders/_b/lfrg63r50tn6k8q8c2y1frjr0000gn/T//ccDLglYR.s]
  ignore line: [GNU assembler version 2.41.0 (arm-none-eabi) using BFD version (Arm GNU Toolchain 13.2.rel1 (Build arm-13.7)) 2.41.0.20231009]
  ignore line: [COMPILER_PATH=/Applications/ArmGNUToolchain/13.2.Rel1/arm-none-eabi/bin/../libexec/gcc/arm-none-eabi/13.2.1/:/Applications/ArmGNUToolchain/13.2.Rel1/arm-none-eabi/bin/../libexec/gcc/:/Applications/ArmGNUToolchain/13.2.Rel1/arm-none-eabi/bin/../lib/gcc/arm-none-eabi/13.2.1/../../../../arm-none-eabi/bin/]
  ignore line: [LIBRARY_PATH=/Applications/ArmGNUToolchain/13.2.Rel1/arm-none-eabi/bin/../lib/gcc/arm-none-eabi/13.2.1/thumb/v6-m/nofp/:/Applications/ArmGNUToolchain/13.2.Rel1/arm-none-eabi/bin/../lib/gcc/arm-none-eabi/13.2.1/../../../../arm-none-eabi/lib/thumb/v6-m/nofp/:/Applications/ArmGNUToolchain/13.2.Rel1/arm-none-eabi/bin/../arm-none-eabi/lib/thumb/v6-m/nofp/:/Applications/ArmGNUToolchain/13.2.Rel1/arm-none-eabi/bin/../lib/gcc/arm-none-eabi/13.2.1/:/Applications/ArmGNUToolchain/13.2.Rel1/arm-none-eabi/bin/../lib/gcc/:/Applications/ArmGNUToolchain/13.2.Rel1/arm-none-eabi/bin/../lib/gcc/arm-none-eabi/13.2.1/../../../../arm-none-eabi/lib/:/Applications/ArmGNUToolchain/13.2.Rel1/arm-none-eabi/bin/../arm-none-eabi/lib/]
  ignore line: [COLLECT_GCC_OPTIONS='-mcpu=cortex-m0plus' '-mthumb' '-v' '-std=gnu++20' '-o' 'CMakeFiles/cmTC_6efa6.dir/CMakeCXXCompilerABI.cpp.obj' '-c' '-mfloat-abi=soft' '-mlibarch=armv6s-m' '-march=armv6s-m' '-dumpdir' 'CMakeFiles/cmTC_6efa6.dir/CMakeCXXCompilerABI.cpp.']
  ignore line: [[2/2] Linking CXX executable cmTC_6efa6.elf]
  ignore line: [Using built-in specs.]
  ignore line: [COLLECT_GCC=/Applications/ArmGNUToolchain/13.2.Rel1/arm-none-eabi/bin/arm-none-eabi-g++]
  ignore line: [COLLECT_LTO_WRAPPER=/Applications/ArmGNUToolchain/13.2.Rel1/arm-none-eabi/bin/../libexec/gcc/arm-none-eabi/13.2.1/lto-wrapper]
  ignore line: [Target: arm-none-eabi]
  ignore line: [Configured with: /Volumes/data/jenkins/workspace/GNU-toolchain/arm-13/src/gcc/configure --target=arm-none-eabi --prefix=/Volumes/data/jenkins/workspace/GNU-toolchain/arm-13/build-arm-none-eabi/install --with-gmp=/Volumes/data/jenkins/workspace/GNU-toolchain/arm-13/build-arm-none-eabi/host-tools --with-mpfr=/Volumes/data/jenkins/workspace/GNU-toolchain/arm-13/build-arm-none-eabi/host-tools --with-mpc=/Volumes/data/jenkins/workspace/GNU-toolchain/arm-13/build-arm-none-eabi/host-tools --with-isl=/Volumes/data/jenkins/workspace/GNU-toolchain/arm-13/build-arm-none-eabi/host-tools --disable-shared --disable-nls --disable-threads --disable-tls --enable-checking=release --enable-languages=c,c++,fortran --with-newlib --with-gnu-as --with-headers=yes --with-gnu-ld --with-native-system-header-dir=/include --with-sysroot=/Volumes/data/jenkins/workspace/GNU-toolchain/arm-13/build-arm-none-eabi/install/arm-none-eabi --with-multilib-list=aprofile,rmprofile --with-pkgversion='Arm GNU Toolchain 13.2.rel1 (Build arm-13.7)' --with-bugurl=https://bugs.linaro.org/]
  ignore line: [Thread model: single]
  ignore line: [Supported LTO compression algorithms: zlib]
  ignore line: [gcc version 13.2.1 20231009 (Arm GNU Toolchain 13.2.rel1 (Build arm-13.7)) ]
  ignore line: [COMPILER_PATH=/Applications/ArmGNUToolchain/13.2.Rel1/arm-none-eabi/bin/../libexec/gcc/arm-none-eabi/13.2.1/:/Applications/ArmGNUToolchain/13.2.Rel1/arm-none-eabi/bin/../libexec/gcc/:/Applications/ArmGNUToolchain/13.2.Rel1/arm-none-eabi/bin/../lib/gcc/arm-none-eabi/13.2.1/../../../../arm-none-eabi/bin/]
  ignore line: [LIBRARY_PATH=/Applications/ArmGNUToolchain/13.2.Rel1/arm-none-eabi/bin/../lib/gcc/arm-none-eabi/13.2.1/thumb/v6-m/nofp/:/Applications/ArmGNUToolchain/13.2.Rel1/arm-none-eabi/bin/../lib/gcc/arm-none-eabi/13.2.1/../../../../arm-none-eabi/lib/thumb/v6-m/nofp/:/Applications/ArmGNUToolchain/13.2.Rel1/arm-none-eabi/bin/../arm-none-eabi/lib/thumb/v6-m/nofp/:/Applications/ArmGNUToolchain/13.2.Rel1/arm-none-eabi/bin/../lib/gcc/arm-none-eabi/13.2.1/:/Applications/ArmGNUToolchain/13.2.Rel1/arm-none-eabi/bin/../lib/gcc/:/Applications/ArmGNUToolchain/13.2.Rel1/arm-none-eabi/bin/../lib/gcc/arm-none-eabi/13.2.1/../../../../arm-none-eabi/lib/:/Applications/ArmGNUToolchain/13.2.Rel1/arm-none-eabi/bin/../arm-none-eabi/lib/]
  ignore line: [COLLECT_GCC_OPTIONS='-mcpu=cortex-m0plus' '-mthumb' '-nostdlib' '-v' '-o' 'cmTC_6efa6.elf' '-mfloat-abi=soft' '-mlibarch=armv6s-m' '-march=armv6s-m' '-dumpdir' 'cmTC_6efa6.elf.']
  link line: [ /Applications/ArmGNUToolchain/13.2.Rel1/arm-none-eabi/bin/../libexec/gcc/arm-none-eabi/13.2.1/collect2 -plugin /Applications/ArmGNUToolchain/13.2.Rel1/arm-none-eabi/bin/../libexec/gcc/arm-none-eabi/13.2.1/liblto_plugin.so -plugin-opt=/Applications/ArmGNUToolchain/13.2.Rel1/arm-none-eabi/bin/../libexec/gcc/arm-none-eabi/13.2.1/lto-wrapper -plugin-opt=-fresolution=/var/folders/_b/lfrg63r50tn6k8q8c2y1frjr0000gn/T//cc2fOBAo.res --sysroot=/Applications/ArmGNUToolchain/13.2.Rel1/arm-none-eabi/bin/../arm-none-eabi -X -o cmTC_6efa6.elf -L/Applications/ArmGNUToolchain/13.2.Rel1/arm-none-eabi/bin/../lib/gcc/arm-none-eabi/13.2.1/thumb/v6-m/nofp -L/Applications/ArmGNUToolchain/13.2.Rel1/arm-none-eabi/bin/../lib/gcc/arm-none-eabi/13.2.1/../../../../arm-none-eabi/lib/thumb/v6-m/nofp -L/Applications/ArmGNUToolchain/13.2.Rel1/arm-none-eabi/bin/../arm-none-eabi/lib/thumb/v6-m/nofp -L/Applications/ArmGNUToolchain/13.2.Rel1/arm-none-eabi/bin/../lib/gcc/arm-none-eabi/13.2.1 -L/Applications/ArmGNUToolchain/13.2.Rel1/arm-none-eabi/bin/../lib/gcc -L/Applications/ArmGNUToolchain/13.2.Rel1/arm-none-eabi/bin/../lib/gcc/arm-none-eabi/13.2.1/../../../../arm-none-eabi/lib -L/Applications/ArmGNUToolchain/13.2.Rel1/arm-none-eabi/bin/../arm-none-eabi/lib --build-id=none CMakeFiles/cmTC_6efa6.dir/CMakeCXXCompilerABI.cpp.obj]
    arg [/Applications/ArmGNUToolchain/13.2.Rel1/arm-none-eabi/bin/../libexec/gcc/arm-none-eabi/13.2.1/collect2] ==> ignore
    arg [-plugin] ==> ignore
    arg [/Applications/ArmGNUToolchain/13.2.Rel1/arm-none-eabi/bin/../libexec/gcc/arm-none-eabi/13.2.1/liblto_plugin.so] ==> ignore
    arg [-plugin-opt=/Applications/ArmGNUToolchain/13.2.Rel1/arm-none-eabi/bin/../libexec/gcc/arm-none-eabi/13.2.1/lto-wrapper] ==> ignore
    arg [-plugin-opt=-fresolution=/var/folders/_b/lfrg63r50tn6k8q8c2y1frjr0000gn/T//cc2fOBAo.res] ==> ignore
    arg [--sysroot=/Applications/ArmGNUToolchain/13.2.Rel1/arm-none-eabi/bin/../arm-none-eabi] ==> ignore
    arg [-X] ==> ignore
    arg [-o] ==> ignore
    arg [cmTC_6efa6.elf] ==> ignore
    arg [-L/Applications/ArmGNUToolchain/13.2.Rel1/arm-none-eabi/bin/../lib/gcc/arm-none-eabi/13.2.1/thumb/v6-m/nofp] ==> dir [/Applications/ArmGNUToolchain/13.2.Rel1/arm-none-eabi/bin/../lib/gcc/arm-none-eabi/13.2.1/thumb/v6-m/nofp]
    arg [-L/Applications/ArmGNUToolchain/13.2.Rel1/arm-none-eabi/bin/../lib/gcc/arm-none-eabi/13.2.1/../../../../arm-none-eabi/lib/thumb/v6-m/nofp] ==> dir [/Applications/ArmGNUToolchain/13.2.Rel1/arm-none-eabi/bin/../lib/gcc/arm-none-eabi/13.2.1/../../../../arm-none-eabi/lib/thumb/v6-m/nofp]
    arg [-L/Applications/ArmGNUToolchain/13.2.Rel1/arm-none-eabi/bin/../arm-none-eabi/lib/thumb/v6-m/nofp] ==> dir [/Applications/ArmGNUToolchain/13.2.Rel1/arm-none-eabi/bin/../arm-none-eabi/lib/thumb/v6-m/nofp]
    arg [-L/Applications/ArmGNUToolchain/13.2.Rel1/arm-none-eabi/bin/../lib/gcc/arm-none-eabi/13.2.1] ==> dir [/Applications/ArmGNUToolchain/13.2.Rel1/arm-none-eabi/bin/../lib/gcc/arm-none-eabi/13.2.1]
    arg [-L/Applications/ArmGNUToolchain/13.2.Rel1/arm-none-eabi/bin/../lib/gcc] ==> dir [/Applications/ArmGNUToolchain/13.2.Rel1/arm-none-eabi/bin/../lib/gcc]
    arg [-L/Applications/ArmGNUToolchain/13.2.Rel1/arm-none-eabi/bin/../lib/gcc/arm-none-eabi/13.2.1/../../../../arm-none-eabi/lib] ==> dir [/Applications/ArmGNUToolchain/13.2.Rel1/arm-none-eabi/bin/../lib/gcc/arm-none-eabi/13.2.1/../../../../arm-none-eabi/lib]
    arg [-L/Applications/ArmGNUToolchain/13.2.Rel1/arm-none-eabi/bin/../arm-none-eabi/lib] ==> dir [/Applications/ArmGNUToolchain/13.2.Rel1/arm-none-eabi/bin/../arm-none-eabi/lib]
    arg [--build-id=none] ==> ignore
    arg [CMakeFiles/cmTC_6efa6.dir/CMakeCXXCompilerABI.cpp.obj] ==> ignore
  collapse library dir [/Applications/ArmGNUToolchain/13.2.Rel1/arm-none-eabi/bin/../lib/gcc/arm-none-eabi/13.2.1/thumb/v6-m/nofp] ==> [/Applications/ArmGNUToolchain/13.2.Rel1/arm-none-eabi/lib/gcc/arm-none-eabi/13.2.1/thumb/v6-m/nofp]
  collapse library dir [/Applications/ArmGNUToolchain/13.2.Rel1/arm-none-eabi/bin/../lib/gcc/arm-none-eabi/13.2.1/../../../../arm-none-eabi/lib/thumb/v6-m/nofp] ==> [/Applications/ArmGNUToolchain/13.2.Rel1/arm-none-eabi/arm-none-eabi/lib/thumb/v6-m/nofp]
  collapse library dir [/Applications/ArmGNUToolchain/13.2.Rel1/arm-none-eabi/bin/../arm-none-eabi/lib/thumb/v6-m/nofp] ==> [/Applications/ArmGNUToolchain/13.2.Rel1/arm-none-eabi/arm-none-eabi/lib/thumb/v6-m/nofp]
  collapse library dir [/Applications/ArmGNUToolchain/13.2.Rel1/arm-none-eabi/bin/../lib/gcc/arm-none-eabi/13.2.1] ==> [/Applications/ArmGNUToolchain/13.2.Rel1/arm-none-eabi/lib/gcc/arm-none-eabi/13.2.1]
  collapse library dir [/Applications/ArmGNUToolchain/13.2.Rel1/arm-none-eabi/bin/../lib/gcc] ==> [/Applications/ArmGNUToolchain/13.2.Rel1/arm-none-eabi/lib/gcc]
  collapse library dir [/Applications/ArmGNUToolchain/13.2.Rel1/arm-none-eabi/bin/../lib/gcc/arm-none-eabi/13.2.1/../../../../arm-none-eabi/lib] ==> [/Applications/ArmGNUToolchain/13.2.Rel1/arm-none-eabi/arm-none-eabi/lib]
  collapse library dir [/Applications/ArmGNUToolchain/13.2.Rel1/arm-none-eabi/bin/../arm-none-eabi/lib] ==> [/Applications/ArmGNUToolchain/13.2.Rel1/arm-none-eabi/arm-none-eabi/lib]
  implicit libs: []
  implicit objs: []
  implicit dirs: [/Applications/ArmGNUToolchain/13.2.Rel1/arm-none-eabi/lib/gcc/arm-none-eabi/13.2.1/thumb/v6-m/nofp;/Applications/ArmGNUToolchain/13.2.Rel1/arm-none-eabi/arm-none-eabi/lib/thumb/v6-m/nofp;/Applications/ArmGNUToolchain/13.2.Rel1/arm-none-eabi/lib/gcc/arm-none-eabi/13.2.1;/Applications/ArmGNUToolchain/13.2.Rel1/arm-none-eabi/lib/gcc;/Applications/ArmGNUToolchain/13.2.Rel1/arm-none-eabi/arm-none-eabi/lib]
  implicit fwks: []


